2023-06-09	13:18:36	4c391377-8f70-4499-8ac5-22f5dd46b651	GET	/	undefined
2023-06-09	13:18:57	7a274537-bbcd-4e8c-a4df-8825089d100d	GET	/	undefined
2023-06-09	13:38:12	33794b98-237b-4557-9faa-ef2a1dead3cb	GET	/	undefined
2023-06-09	13:38:27	96d59059-6a17-49be-a48e-b10d36c5d8eb	GET	/qwe	undefined


2023-06-09	16:54:03	43586332-82d9-419c-87c5-61c2e3a4821e	GET	/qwe	undefined
2023-06-09	19:09:27	a38591b3-9040-4e31-8da0-ddf063d23237	POST	/auth/reg	undefined
2023-06-09	19:10:01	f726b685-e3f1-4672-9698-2424e1787878	POST	/auth/reg	undefined
2023-06-09	19:11:09	d5f6d306-4fe6-4a2d-bcaf-8778acc167ba	POST	/auth/reg	undefined
2023-06-09	19:16:45	3dfd174f-c7e8-4201-9928-b87a592eaa52	POST	/auth/reg	undefined
2023-06-09	19:21:32	2575df8b-d330-4582-b64a-a6ae76ca9b34	POST	/auth/reg	undefined
2023-06-09	19:24:42	13074b7c-28cb-4d5f-a045-db5f96af9c46	POST	/auth/reg	undefined
2023-06-09	19:25:01	e64c772c-e7b3-47c6-ad03-8273de71d98e	POST	/auth/reg	undefined
2023-06-12	18:12:37	2fa507a5-e5d6-42d6-b53c-e92e81a3e42b	POST	/auth/login	undefined
2023-06-12	18:12:48	2812b166-7b5d-48b8-b750-c5f0de32558b	POST	/auth/login	undefined
2023-06-12	18:12:57	9341949e-a0d8-4b10-b236-1f830a42cf04	POST	/auth/login	undefined
2023-06-12	18:13:51	b683fca8-4b8c-4a8a-9c15-949764c26a76	POST	/auth/reg	undefined
2023-06-12	18:14:26	fe7002e6-2f7c-4090-8bbe-894555191559	POST	/auth/login	undefined
2023-06-12	18:14:37	18c825ba-2bd9-48b6-aad3-73020bcb8937	POST	/auth/login	undefined
2023-06-12	18:14:47	11701722-ebaf-4200-97bc-26175e4a8422	POST	/auth/login	undefined
2023-06-12	19:13:48	97e88961-8824-4199-8365-9e1ffbd041be	POST	/auth/login	undefined
2023-06-12	19:14:18	b2659173-91a6-40e9-91df-74cc1876deb2	POST	/auth/login	undefined
2023-06-12	19:14:34	c9a9fcd6-28d5-41d6-949c-b86c80667d5e	POST	/auth/login	undefined
2023-06-12	19:33:53	d3cde257-0613-4bf8-b0bb-530f47a5be00	POST	/user/getAlluser	undefined
2023-06-12	19:34:03	397ac8b2-3355-456c-bab7-af1c1b3ce126	GET	/user/getAllUser	undefined
2023-06-12	19:34:21	9149d8a6-9d01-4a01-991e-d752e5b03680	GET	/user/getAllUser	undefined
2023-06-12	19:34:38	4231285b-e66b-4a97-9edc-e2252c9e8010	GET	/user/getAllUser	undefined
2023-06-12	19:35:11	870dea8f-f71e-4c4b-a666-3d3a3d1c6b9c	GET	/auth/login	undefined
2023-06-12	19:37:26	4dc34a9d-a28b-4874-a768-d3146ee39436	GET	/user/getAllUser	undefined
2023-06-12	19:38:41	3ae0a432-2700-4b24-9816-2f07660147a6	GET	/auth/login	undefined
2023-06-12	19:39:53	ce88c7e2-e3aa-4864-8bc6-c26472f23c14	GET	/auth/login	undefined
2023-06-12	19:40:37	abb02228-2028-4409-b2b2-10ed13de489f	POST	/auth/login	undefined
2023-06-12	19:40:59	e13f7441-35b0-4c67-9d8e-ec9ee4106f4c	POST	/user/getAllUser	undefined
2023-06-12	19:41:30	7b50ed43-1c67-48b9-8987-d7142fd8dd0e	GET	/user/getAllUser	undefined
2023-06-12	19:43:27	c29470b2-93b3-4cd5-983b-067cca29e00e	POST	/auth/login	undefined
2023-06-12	19:43:49	179d231d-f40f-42c0-83f3-2d585124bc36	POST	/auth/login	undefined
2023-06-12	19:44:19	0b220510-3159-403b-b0b4-e52cd9d700c6	GET	/user/getAllUser	undefined
2023-06-12	19:44:43	2b33e29d-921e-43f3-8edf-60c97d8b58dc	GET	/user/getAllUser	undefined
2023-06-12	19:45:18	47d44948-7d3c-441c-b66d-bc173feb4154	POST	/auth/login	undefined
2023-06-12	19:45:41	ae587a60-3978-4079-b292-bc2afcefec0f	GET	/user/getAllUser	undefined
2023-06-12	19:45:44	160e4c55-756e-4be0-b75b-7293aa4b1434	GET	/user/getAllUser	undefined
2023-06-12	19:46:01	02cc2d23-72a2-4c44-8fcc-a69a793d3718	POST	/auth/login	undefined
2023-06-12	19:46:15	aa2f0277-6e84-4c9b-b7c0-0b9285325eff	GET	/user/getAllUser	undefined
2023-06-12	19:46:36	6f69f711-8774-4133-82bb-1eca4f9071b4	POST	/auth/login	undefined
2023-06-12	19:46:47	0b08afc5-fd2a-4982-85bc-d738ad5bab77	GET	/user/getAllUser	undefined
2023-06-13	12:39:43	6798c8c2-7abd-4242-8cae-06572942d33f	POST	/auth/logout	undefined
2023-06-13	14:30:13	52e85520-01f4-4410-afee-3cd902738199	POST	/auth/login	undefined
2023-06-13	14:30:21	dea79f46-a7a6-4692-ac46-6bbcafdcc915	POST	/auth/refresh	undefined
2023-06-13	14:30:23	ada6902f-2f78-4038-8e1a-3122ae43c15d	POST	/auth/refresh	undefined
2023-06-13	14:30:29	bf3caeb4-dab5-4822-a527-a521e240596d	POST	/auth/refresh	undefined
2023-06-14	20:17:16	17e3bdf8-f96d-4fce-af75-824882816d01	OPTIONS	/auth/login	http://localhost:3000
2023-06-14	20:17:26	20e54a93-2fd2-4da2-a38d-0333982e932c	OPTIONS	/auth/login	http://localhost:3000
2023-06-14	20:17:37	fde763b2-7790-42bb-b871-16ab5f15cc1b	OPTIONS	/auth/login	http://localhost:3000
2023-06-14	20:19:32	d91437c8-33eb-4314-b0f3-104f0f0ed885	OPTIONS	/auth/login	http://localhost:3000
2023-06-14	20:19:57	66554ef8-7246-4908-8188-ea7ef0353486	OPTIONS	/auth/login	http://localhost:3000
2023-06-14	20:21:49	d2811bde-fa89-4aa9-873c-86c79da405d9	OPTIONS	/auth/login	http://localhost:3000
2023-06-14	20:21:49	f60197fe-7c20-49b0-a0f6-c85fc209f282	POST	/auth/login	http://localhost:3000
2023-06-14	20:22:03	b25dd7a2-6f24-44cf-8335-afefa84eeffe	OPTIONS	/auth/login	http://localhost:3000
2023-06-14	20:22:03	740bd014-f7bf-4ef1-bb08-a6fb2542c0e8	POST	/auth/login	http://localhost:3000
2023-06-14	20:22:19	31b02c8c-c1d6-4dac-8563-996f7b344040	GET	/auth/login	undefined
2023-06-14	20:23:04	e549a501-085c-4a7c-b3f3-e6bba5cdd696	OPTIONS	/auth/login	http://localhost:3000
2023-06-14	20:23:04	99a20f86-4751-4d51-a60c-a7e5834f6623	POST	/auth/login	http://localhost:3000
2023-06-14	20:24:57	f116e9ff-ef49-4678-9435-59cb570a3999	OPTIONS	/auth/login	http://localhost:3000
2023-06-14	20:24:57	3fd41666-ab77-4d65-a6e2-fd246c7953d8	POST	/auth/login	http://localhost:3000
2023-06-14	20:25:50	32358211-95eb-48b1-8432-c21477380cc9	OPTIONS	/auth/login	http://localhost:3000
2023-06-14	20:25:50	3910b536-ef27-4964-b2f4-076f826797ff	POST	/auth/login	http://localhost:3000
2023-06-14	20:28:43	b204a717-0ac3-4a65-8d15-7c47e49c66a4	OPTIONS	/auth/login	http://localhost:3000
2023-06-14	20:28:43	553b1625-24ca-413f-a973-b64d17258175	POST	/auth/login	http://localhost:3000
2023-06-14	20:28:54	8eccce68-32b8-4b52-ace1-627435da4c9c	OPTIONS	/auth/login	http://localhost:3000
2023-06-14	20:28:54	6406af8f-5005-41d9-b264-5f97e06df198	POST	/auth/login	http://localhost:3000
2023-06-14	20:30:13	5d60173b-f67b-4ab6-b03e-66cfa06fbc24	OPTIONS	/auth/login	http://localhost:3000
2023-06-14	20:30:13	3c617faa-e21c-4eee-ac98-5c55ef309c1d	POST	/auth/login	http://localhost:3000
2023-06-14	20:30:44	681218f0-ac6c-4185-a5da-8f143b5be85a	OPTIONS	/auth/login	http://localhost:3000
2023-06-14	20:30:44	fdb9fd7f-d94c-4276-8a10-4eaabb649422	POST	/auth/login	http://localhost:3000
2023-06-14	20:31:00	1f31a068-e01e-4d5d-8f41-7417b1bc3c17	OPTIONS	/auth/login	http://localhost:3000
2023-06-14	20:31:00	b7ddd015-ab5b-464f-91b2-5be2087ce932	POST	/auth/login	http://localhost:3000
2023-06-14	20:31:34	5e916558-1859-4cce-b0c8-58eb4f0eb656	OPTIONS	/auth/login	http://localhost:3000
2023-06-14	20:31:34	639a626e-beee-4305-ad16-a7b7792478ef	POST	/auth/login	http://localhost:3000
2023-06-14	20:31:46	a0cd79b5-2e92-40a7-bb80-c8b1518bcf59	OPTIONS	/auth/login	http://localhost:3000
2023-06-14	20:31:46	b08be6ac-6dc5-4a97-abd6-adb55a7ec09f	POST	/auth/login	http://localhost:3000
2023-06-14	20:32:23	658d7782-2e5c-4281-8abe-610b1b2f2eb8	OPTIONS	/auth/login	http://localhost:3000
2023-06-14	20:32:23	cea7d7fe-19d9-434a-af4f-7c8ad82b927b	POST	/auth/login	http://localhost:3000
2023-06-14	20:32:47	1dbf9cbd-5988-4acc-9880-9d2c41af78c1	OPTIONS	/auth/login	http://localhost:3000
2023-06-14	20:32:47	3d65ccd6-4923-4462-8cb5-a1f9f9a2fd6c	POST	/auth/login	http://localhost:3000
2023-06-14	20:33:26	0509d921-2451-4dcb-bce8-f42106e19af9	OPTIONS	/auth/login	http://localhost:3000
2023-06-14	20:33:26	c29b3aa9-68ff-40cd-80ad-336bf8172dd4	POST	/auth/login	http://localhost:3000
2023-06-14	20:37:29	026f21e2-3c3e-46d1-b29f-aa252e8de30e	OPTIONS	/auth/login	http://localhost:3000
2023-06-14	20:37:29	610feaa4-66b4-45e6-ad9c-7be87cfc8255	POST	/auth/login	http://localhost:3000
2023-06-14	20:37:39	0238c17d-81ad-45cd-9fef-cb54a5080015	OPTIONS	/auth/login	http://localhost:3000
2023-06-14	20:37:39	a353ff08-a5d0-4e56-bb72-8d4d16d3b527	POST	/auth/login	http://localhost:3000
2023-06-14	20:38:32	96ac7b29-9680-4596-b705-2566271da9d1	OPTIONS	/auth/login	http://localhost:3000
2023-06-14	20:38:32	2d794ab9-768b-4149-a6aa-bf0847c8be5f	POST	/auth/login	http://localhost:3000
2023-06-14	20:38:34	e1dd3a3e-9fc4-415c-82c3-9b763e65fcc8	POST	/auth/login	http://localhost:3000
2023-06-14	20:38:50	999de259-37bf-4e91-8f98-fe2ab7507c3f	OPTIONS	/auth/login	http://localhost:3000
2023-06-14	20:38:50	4ded035c-cab2-42b4-b8c9-4439aa90b037	POST	/auth/login	http://localhost:3000
2023-06-14	20:38:55	1ae37140-73bc-451e-b0dc-365caa6019ac	OPTIONS	/auth/login	http://localhost:3000
2023-06-14	20:38:55	a899dda7-651c-49bc-9d35-cb6260b01e96	POST	/auth/login	http://localhost:3000
2023-06-14	20:40:53	ab786823-87e8-435c-bd2f-b39e73036f26	OPTIONS	/auth/login	http://localhost:3000
2023-06-14	20:40:53	0fd1e49a-d358-4813-9474-e463a0e2e3ce	POST	/auth/login	http://localhost:3000
2023-06-14	20:55:54	28bb5065-94f0-4a1f-9303-61c4e594ca01	OPTIONS	/auth/login	http://localhost:3000
2023-06-14	20:55:54	d2f1ce3e-22c9-43e4-b56f-2cd19f0286cf	POST	/auth/login	http://localhost:3000
2023-06-14	20:56:22	775729d2-a04d-4f93-8fb2-244e75c9888c	OPTIONS	/auth/login	http://localhost:3000
2023-06-14	20:56:22	b6c23f3e-4508-4e3a-a160-948662f36878	POST	/auth/login	http://localhost:3000
2023-06-14	20:56:31	b91c4379-3290-45c2-8ee7-5b9baf942a8a	OPTIONS	/auth/login	http://localhost:3000
2023-06-14	20:56:31	bcb8d598-3965-439d-a8e4-08790df1ae1e	POST	/auth/login	http://localhost:3000
2023-06-14	21:03:54	0a290a9e-1191-4108-bdc7-39ec9984cccf	OPTIONS	/auth/login	http://localhost:3000
2023-06-14	21:03:54	283ea10a-b2a7-4021-9eca-8d61cccf9a30	POST	/auth/login	http://localhost:3000
2023-06-14	21:06:49	011aaca3-bc48-49c5-943b-32e74877f4cd	OPTIONS	/auth/login	http://localhost:3000
2023-06-14	21:06:49	2fe19460-15c9-491e-b18f-f502a4a09d5d	POST	/auth/login	http://localhost:3000
2023-06-15	17:47:57	f79fdafb-126d-4b62-827c-9d3b9adfbaca	OPTIONS	/auth/refresh	http://localhost:3000
2023-06-15	17:47:57	c166f027-a046-420a-bb9f-a86dc41b87ec	GET	/auth/refresh	http://localhost:3000
2023-06-15	17:47:59	2d50c79e-2cc8-45f3-8217-b6ab7919f5fb	GET	/auth/refresh	http://localhost:3000
2023-06-15	17:48:03	2685f162-1dcf-4765-b125-b798ed14c0e3	OPTIONS	/auth/refresh	http://localhost:3000
2023-06-15	17:48:03	29ebaf52-52be-4288-a571-60028a6bfb1a	GET	/auth/refresh	http://localhost:3000
2023-06-15	17:48:06	3d6d1d4d-b34b-4c83-be82-e2b5d254c8ec	GET	/auth/refresh	http://localhost:3000
2023-06-15	17:48:08	23652d5c-9718-410d-9bf2-8381826f5c88	GET	/auth/refresh	http://localhost:3000
2023-06-15	17:48:24	a02497af-0698-4757-904a-f6c0bb71112a	OPTIONS	/auth/refresh	http://localhost:3000
2023-06-15	17:48:24	a8b81d5b-f169-4241-b9c0-941d3ad42630	GET	/auth/refresh	http://localhost:3000
2023-06-15	17:48:25	beacfae0-f9f9-45d6-9d44-b0d01dcdd016	GET	/auth/refresh	http://localhost:3000
2023-06-15	17:48:47	e84048c8-4617-421d-bf39-945baa952ec5	OPTIONS	/auth/refresh	http://localhost:3000
2023-06-15	17:48:47	caacb56b-4a3f-4252-b77f-79188ec7ee12	GET	/auth/refresh	http://localhost:3000
2023-06-15	17:48:51	74bca342-efe6-4778-9f32-71e8d1ea1775	GET	/auth/refresh	http://localhost:3000
2023-06-15	17:49:07	d217aaee-dbb9-411c-be4b-2608dcc0d650	OPTIONS	/auth/refresh	http://localhost:3000
2023-06-15	17:49:07	61ce2ad5-fffc-46a4-b046-cab404c4afcc	GET	/auth/refresh	http://localhost:3000
2023-06-15	17:49:15	892e747c-2066-4adb-97cd-72ed57c524c6	OPTIONS	/auth/refresh	http://localhost:3000
2023-06-15	17:49:15	5eb1d80d-9c22-476a-9e62-f4044c4bd9d3	GET	/auth/refresh	http://localhost:3000
2023-06-15	17:49:20	921fe762-4223-4137-8aeb-0246bc54bef9	OPTIONS	/auth/refresh	http://localhost:3000
2023-06-15	17:49:20	43469938-f5e9-4ffd-89b6-b4c39a3bbc77	GET	/auth/refresh	http://localhost:3000
2023-06-15	17:49:22	919e118e-3ad3-4955-b218-82ea67bb0700	GET	/auth/refresh	http://localhost:3000
2023-06-15	17:49:22	d608d976-96b0-4ded-b713-132a2fdaf311	GET	/auth/refresh	http://localhost:3000
2023-06-15	17:49:22	8bba46fa-fb59-41eb-98ae-696cf398e8dc	GET	/auth/refresh	http://localhost:3000
2023-06-15	17:49:22	2b20e710-522e-4943-8176-8177091c8c46	GET	/auth/refresh	http://localhost:3000
2023-06-15	17:49:22	1239696e-9e0c-47cb-8140-ebfc84ce9c49	GET	/auth/refresh	http://localhost:3000
2023-06-15	17:49:22	aeb67769-4610-42b6-a145-1d843e9ca57b	GET	/auth/refresh	http://localhost:3000
2023-06-15	17:49:22	6b27a8cf-ec24-4b11-952d-78cdb0946208	GET	/auth/refresh	http://localhost:3000
2023-06-15	17:49:22	df264d66-8719-4e93-86a4-5d0f50fd8423	GET	/auth/refresh	http://localhost:3000
2023-06-15	17:49:22	c2721711-5002-4a22-89f8-205da40b8c13	GET	/auth/refresh	http://localhost:3000
2023-06-15	17:49:22	21970673-fc37-4fa4-b2cd-8fa498e2380b	GET	/auth/refresh	http://localhost:3000
2023-06-15	17:49:22	58ffeda7-aca6-4aea-b42b-1f1b626b71fc	GET	/auth/refresh	http://localhost:3000
2023-06-15	17:49:22	de6199c3-8a18-4ae9-b060-2dee0e841eda	GET	/auth/refresh	http://localhost:3000
2023-06-15	17:49:22	ee5b5ab8-950c-4d99-aafe-d1852b9b158e	GET	/auth/refresh	http://localhost:3000
2023-06-15	17:49:22	11e4e4c6-f1ec-471c-9443-693204890075	GET	/auth/refresh	http://localhost:3000
2023-06-15	17:49:22	063abee6-fff5-44af-b45a-51323bbe1ebe	GET	/auth/refresh	http://localhost:3000
2023-06-15	17:49:22	ffe9fd7d-3b2f-487f-8290-33f757fd1463	GET	/auth/refresh	http://localhost:3000
2023-06-15	17:49:22	17073762-8f98-471f-b5fc-e1d0066ae3d7	GET	/auth/refresh	http://localhost:3000
2023-06-15	17:49:22	f8864f10-4909-4e59-947b-48cdb3823355	GET	/auth/refresh	http://localhost:3000
2023-06-15	17:49:22	eee3627d-d12c-4008-924a-a5bfa6490187	GET	/auth/refresh	http://localhost:3000
2023-06-15	17:49:22	8806a2e4-b719-48e8-897c-d0744abc6196	GET	/auth/refresh	http://localhost:3000
2023-06-15	17:49:22	798e1855-fa4b-4db5-b2ad-0876e288f88d	GET	/auth/refresh	http://localhost:3000
2023-06-15	17:49:22	0a43e910-101d-4cb5-a083-427b16083f5a	GET	/auth/refresh	http://localhost:3000
2023-06-15	17:49:22	fd44c050-78ab-4722-96b8-22ca2b8ba314	GET	/auth/refresh	http://localhost:3000
2023-06-15	17:49:22	40140f37-32dd-457e-a695-ef8e9abc3f91	GET	/auth/refresh	http://localhost:3000
2023-06-15	17:49:22	a89751a9-3308-48f9-a39e-198a63d0ca24	GET	/auth/refresh	http://localhost:3000
2023-06-15	17:49:22	0b5248d0-3a6e-4f01-a38e-76b4fd8b7519	GET	/auth/refresh	http://localhost:3000
2023-06-15	17:49:22	06448924-a22b-4a65-ad58-dadc1f57ce6b	GET	/auth/refresh	http://localhost:3000
2023-06-15	17:49:22	60f04ff2-40f0-4b74-8ab7-9f1885c51da5	GET	/auth/refresh	http://localhost:3000
2023-06-15	17:49:22	97fb655e-0c24-41bd-a0c5-f4461899f578	GET	/auth/refresh	http://localhost:3000
2023-06-15	17:49:22	fe2ea342-13f2-4eab-b2da-d5919b128029	GET	/auth/refresh	http://localhost:3000
2023-06-15	17:49:22	d758118e-ecf2-4a9a-bb08-bad6b2ab4fbf	GET	/auth/refresh	http://localhost:3000
2023-06-15	17:49:22	95531a23-5fb1-4de7-a6bf-6b775e1ebad2	GET	/auth/refresh	http://localhost:3000
2023-06-15	17:49:23	51bda5ad-c66e-4168-8522-fe10596ed90f	GET	/auth/refresh	http://localhost:3000
2023-06-15	17:49:23	78e1a589-1071-4c66-99f1-faccd8b13920	GET	/auth/refresh	http://localhost:3000
2023-06-15	17:49:23	1303615b-7da4-42b2-b676-013b8f6963b6	GET	/auth/refresh	http://localhost:3000
2023-06-15	17:49:23	b09be633-7408-45cd-a324-41eddb440b15	GET	/auth/refresh	http://localhost:3000
2023-06-15	17:49:23	08510124-a39f-4ee6-883c-252375163c75	GET	/auth/refresh	http://localhost:3000
2023-06-15	17:49:23	4c093475-cb88-46eb-ba73-15940e5ca409	GET	/auth/refresh	http://localhost:3000
2023-06-15	17:49:23	9324342d-eeeb-4219-b1c7-051b92af88ed	GET	/auth/refresh	http://localhost:3000
2023-06-15	17:49:23	d91b708c-b582-4817-8e36-4bd7508ad6af	GET	/auth/refresh	http://localhost:3000
2023-06-15	17:49:23	8d952cf2-0c8f-4b2a-8550-cf15d1d0c989	GET	/auth/refresh	http://localhost:3000
2023-06-15	17:49:23	43635257-94ff-4dc0-9511-9450d83d5b1d	GET	/auth/refresh	http://localhost:3000
2023-06-15	17:49:23	22dea075-d9e4-49f2-8710-7b1133b8ec02	GET	/auth/refresh	http://localhost:3000
2023-06-15	17:49:23	37021f8b-d65d-4d8d-a41a-2e249c9b77af	GET	/auth/refresh	http://localhost:3000
2023-06-15	17:49:23	f87abc5e-cf01-4572-a428-24e4fd6a90db	GET	/auth/refresh	http://localhost:3000
2023-06-15	17:49:23	bd517b4f-b35e-4ef6-98c4-a43f7c02b576	GET	/auth/refresh	http://localhost:3000
2023-06-15	17:49:23	6c2da262-96f7-48da-802b-1bc123494ffe	GET	/auth/refresh	http://localhost:3000
2023-06-15	17:49:23	2da0573d-d200-47fe-a7ba-0d0f1bbca3c5	GET	/auth/refresh	http://localhost:3000
2023-06-15	17:49:23	2ceb2237-2dee-41d8-8380-cf175ccc706c	GET	/auth/refresh	http://localhost:3000
2023-06-15	17:49:23	f82f00f4-caf5-40dc-afa5-52e5315ef8df	GET	/auth/refresh	http://localhost:3000
2023-06-15	17:49:23	af402313-f1cf-4456-a785-da54ba583835	GET	/auth/refresh	http://localhost:3000
2023-06-15	17:49:23	081876da-f1f7-404e-a30a-4f6aebf83673	GET	/auth/refresh	http://localhost:3000
2023-06-15	17:49:23	c0b6b911-1e0c-49ab-b70a-ee806e819ba8	GET	/auth/refresh	http://localhost:3000
2023-06-15	17:49:23	5d3ed81d-3657-485e-85c6-f94ea3986ad4	GET	/auth/refresh	http://localhost:3000
2023-06-15	17:49:23	d7619b34-97ac-448e-97a3-85e0aba8f93c	GET	/auth/refresh	http://localhost:3000
2023-06-15	17:49:23	f637836b-bde2-41bf-bd6d-b113db8f706e	GET	/auth/refresh	http://localhost:3000
2023-06-15	17:49:23	deb3a9e9-1462-45b0-a267-a7fcd6b16bba	GET	/auth/refresh	http://localhost:3000
2023-06-15	17:49:23	8c21b695-2ea3-4598-8ddc-2c108847550d	GET	/auth/refresh	http://localhost:3000
2023-06-15	17:49:23	f6e26c0a-9940-4ec3-849b-906cc9493181	GET	/auth/refresh	http://localhost:3000
2023-06-15	17:49:23	36543e5f-d9a1-4dfb-a87a-73129aaa1fba	GET	/auth/refresh	http://localhost:3000
2023-06-15	17:49:23	5059ef60-9adf-4c43-997a-eaefea8b5d00	GET	/auth/refresh	http://localhost:3000
2023-06-15	17:49:23	85b55b5f-1278-433f-9bd4-d4bf5903fbe8	GET	/auth/refresh	http://localhost:3000
2023-06-15	17:49:23	e04c06e0-cf34-46e8-94e1-8a25bd416616	GET	/auth/refresh	http://localhost:3000
2023-06-15	17:49:23	0a06d980-41a9-431e-bbfc-549d5d2134d3	GET	/auth/refresh	http://localhost:3000
2023-06-15	17:49:23	a942ec42-5721-47bf-874d-86e96036f42a	GET	/auth/refresh	http://localhost:3000
2023-06-15	17:49:23	d522d6c2-eea8-4bbd-8144-3f208b597632	GET	/auth/refresh	http://localhost:3000
2023-06-15	17:49:23	8b560dc7-ed53-4400-8c90-d935c75f5417	GET	/auth/refresh	http://localhost:3000
2023-06-15	17:49:23	3d2cd9fd-e13a-4cfc-bbb3-a659fcacba3f	GET	/auth/refresh	http://localhost:3000
2023-06-15	17:49:23	4a17e4d5-6d51-4b3c-8c25-7174fcf54b30	GET	/auth/refresh	http://localhost:3000
2023-06-15	17:49:23	06bd3702-0af0-40f6-b854-5234572bd044	GET	/auth/refresh	http://localhost:3000
2023-06-15	17:49:23	fb6f6cb5-3596-4912-8d62-9efc2605074c	GET	/auth/refresh	http://localhost:3000
2023-06-15	17:49:23	6961472e-2684-41a1-9f7b-4a9f7ccc1cf1	GET	/auth/refresh	http://localhost:3000
2023-06-15	17:49:23	fd0a4362-980a-4240-8a77-edfe9037ba6f	GET	/auth/refresh	http://localhost:3000
2023-06-15	17:49:23	32e37dc6-9edf-45f2-a26f-56b298137182	GET	/auth/refresh	http://localhost:3000
2023-06-15	17:49:23	06ffc159-1731-4134-a373-4eab39d8827a	GET	/auth/refresh	http://localhost:3000
2023-06-15	17:49:23	18f08883-a844-4e40-a06f-5f1b60adfef4	GET	/auth/refresh	http://localhost:3000
2023-06-15	17:49:23	2f4ed0be-a299-48e9-b4dc-098aaac5aa10	GET	/auth/refresh	http://localhost:3000
2023-06-15	17:49:23	1b1e93af-4b6c-42a4-bd53-9279e6849270	GET	/auth/refresh	http://localhost:3000
2023-06-15	17:49:23	7c5c1365-55fc-4a35-a112-cbc44d1ef73d	GET	/auth/refresh	http://localhost:3000
2023-06-15	17:49:23	ae9c42aa-3cac-4dcb-9625-07002514dcfe	GET	/auth/refresh	http://localhost:3000
2023-06-15	17:49:23	647a4196-6d34-48e3-8e79-9177ea4622bd	GET	/auth/refresh	http://localhost:3000
2023-06-15	17:49:23	9da54245-a49d-4e16-90e8-8f4f6eccc048	GET	/auth/refresh	http://localhost:3000
2023-06-15	17:49:23	113bd5fb-2e9c-4530-9fd7-07dc595dfaa6	GET	/auth/refresh	http://localhost:3000
2023-06-15	17:49:23	eaf5ce1c-43d1-4fa2-af25-6dd3e6432dae	GET	/auth/refresh	http://localhost:3000
2023-06-15	17:49:23	e05c0d65-cd7b-4f10-a4c3-e3612a63dd0e	GET	/auth/refresh	http://localhost:3000
2023-06-15	17:49:23	0f775a99-4bdd-4933-8b7a-5bf1a9c039ae	GET	/auth/refresh	http://localhost:3000
2023-06-15	17:49:23	63e05393-0fcc-42b5-922a-34fd097c1299	GET	/auth/refresh	http://localhost:3000
2023-06-15	17:49:23	a991a5bd-d61a-4cb1-a6ea-c35536ae210c	GET	/auth/refresh	http://localhost:3000
2023-06-15	17:49:23	a2989ff3-bab3-4964-b1b3-06193445a45f	GET	/auth/refresh	http://localhost:3000
2023-06-15	17:49:23	77fec49a-d788-4436-a20c-101fb0c2ad9e	GET	/auth/refresh	http://localhost:3000
2023-06-15	17:49:23	c1dd5816-00cd-49ee-8976-897fa20817a6	GET	/auth/refresh	http://localhost:3000
2023-06-15	17:49:23	53c6de10-2332-43dd-9185-3dda385d0d32	GET	/auth/refresh	http://localhost:3000
2023-06-15	17:49:23	399c9604-2608-4721-a3cc-b817d65f9db0	GET	/auth/refresh	http://localhost:3000
2023-06-15	17:49:23	c486abc4-35dd-473b-9c2f-0cf0285daa80	GET	/auth/refresh	http://localhost:3000
2023-06-15	17:49:23	44ba9c9f-d758-4a93-be73-6fb292d6e428	GET	/auth/refresh	http://localhost:3000
2023-06-15	17:49:23	37b701fb-a479-4897-8954-4dd34ac9ad89	GET	/auth/refresh	http://localhost:3000
2023-06-15	17:49:23	2a956b36-c69e-4436-a2f6-91fdda58a923	GET	/auth/refresh	http://localhost:3000
2023-06-15	17:49:23	190f35ad-cd94-4d93-b253-1b58dd52d652	GET	/auth/refresh	http://localhost:3000
2023-06-15	17:49:23	f424ada5-1542-4ca1-82a4-eb6d3542e5e7	GET	/auth/refresh	http://localhost:3000
2023-06-15	17:49:23	a7e138c5-0765-4c8d-a05a-4b9984556c6d	GET	/auth/refresh	http://localhost:3000
2023-06-15	17:49:23	1524e450-3837-458b-a95a-7ca38c7aa6a3	GET	/auth/refresh	http://localhost:3000
2023-06-15	17:49:23	aedc0a8f-7591-445b-a5e2-fcd0ed764b5e	GET	/auth/refresh	http://localhost:3000
2023-06-15	17:49:23	ce11836d-24be-4d4b-a40f-8a72161d602a	GET	/auth/refresh	http://localhost:3000
2023-06-15	17:49:23	0495be62-8c96-4133-a819-23fed1083984	GET	/auth/refresh	http://localhost:3000
2023-06-15	17:49:27	e82243b5-ee61-4948-86d8-fd20cbc1677e	OPTIONS	/auth/refresh	http://localhost:3000
2023-06-15	17:49:27	cae81c41-2ca0-443c-8651-2e75c7b6777e	GET	/auth/refresh	http://localhost:3000
2023-06-15	17:49:32	5138f476-8ea7-469f-9df9-4b77b9868902	GET	/auth/refresh	http://localhost:3000
2023-06-15	17:50:37	7f94aa23-b0a5-4346-8e05-c23268bb0205	OPTIONS	/auth/refresh	http://localhost:3000
2023-06-15	17:50:37	bf0bee14-3b46-4bfb-80d4-74717c7292f6	GET	/auth/refresh	http://localhost:3000
2023-06-15	17:50:37	a0b0a6e3-a29e-459e-bb2b-fd17f16cc9c1	GET	/auth/refresh	http://localhost:3000
2023-06-15	17:50:42	216f26bc-e094-46d6-a3e7-bd39fa8e0da3	OPTIONS	/auth/refresh	http://localhost:3000
2023-06-15	17:50:42	bc2583a7-42d9-4315-9384-321afb7647e6	GET	/auth/refresh	http://localhost:3000
2023-06-15	17:50:42	f2e6138b-5969-40e6-b8a1-1a6a3550133e	GET	/auth/refresh	http://localhost:3000
2023-06-15	17:51:05	2f3f7ff4-e57b-4ff6-9a73-301f79d5c4bb	OPTIONS	/auth/login	http://localhost:3000
2023-06-15	17:51:05	06f1f17f-97ef-425f-b065-a7c1e2133f70	POST	/auth/login	http://localhost:3000
2023-06-15	17:51:13	f68e3437-92a5-40f0-a479-3f3d8a3b1676	OPTIONS	/auth/refresh	http://localhost:3000
2023-06-15	17:51:13	c3de3a31-599b-490f-886f-4b4e83de1f06	GET	/auth/refresh	http://localhost:3000
2023-06-15	17:51:21	2c20d4f8-50cd-425a-a216-4ac6646db966	OPTIONS	/auth/refresh	http://localhost:3000
2023-06-15	17:51:21	12a2ee74-81f5-4462-bbd2-8f5efeda1ad8	GET	/auth/refresh	http://localhost:3000
2023-06-15	17:51:34	c51ade12-dfcd-44e9-a6fb-c1b77951b0e3	OPTIONS	/auth/refresh	http://localhost:3000
2023-06-15	17:51:34	12b42e63-4fae-47f7-afc4-322321915dab	GET	/auth/refresh	http://localhost:3000
2023-06-15	17:52:39	f34d14e4-96aa-41cc-a3fb-5373e96aefdb	OPTIONS	/auth/refresh	http://localhost:3000
2023-06-15	17:52:39	c2193f86-0ce2-4d73-9eb3-3f1ac2a3969d	GET	/auth/refresh	http://localhost:3000
2023-06-15	17:53:01	dc2047be-a10e-4ca9-a626-ff841b2687c7	OPTIONS	/auth/refresh	http://localhost:3000
2023-06-15	17:53:01	b0c84300-b051-4c87-b91c-6d56c42c025d	GET	/auth/refresh	http://localhost:3000
2023-06-15	17:54:37	edd4c181-41be-499a-ac36-b48343a82f76	OPTIONS	/auth/refresh	http://localhost:3000
2023-06-15	17:54:37	22a42915-354d-40b7-bd25-7b2428688e3d	GET	/auth/refresh	http://localhost:3000
2023-06-15	17:55:32	e47f33d0-e42e-49cf-ab42-30c29ffcae21	OPTIONS	/auth/refresh	http://localhost:3000
2023-06-15	17:55:32	2b4b8f88-a5ef-4218-a515-5cf3e19b981b	GET	/auth/refresh	http://localhost:3000
2023-06-15	17:55:40	eefb2e12-dca1-4809-bbd8-c7d9c41d7699	OPTIONS	/auth/refresh	http://localhost:3000
2023-06-15	17:55:40	30811fc9-b2a8-46b3-8c97-d29627db4612	GET	/auth/refresh	http://localhost:3000
2023-06-15	17:55:44	b5bfc64f-6592-48ad-a26e-3e68cdbe3ab2	GET	/auth/refresh	http://localhost:3000
2023-06-15	17:56:24	a3c34d58-f4c2-4305-aef6-a1187fee077e	OPTIONS	/auth/login	http://localhost:3000
2023-06-15	17:56:24	48f183ab-16cb-45cf-9831-fa46b3c610f1	POST	/auth/login	http://localhost:3000
2023-06-15	17:56:54	17f45ca3-6293-42e7-8633-50c4a2eba0e9	OPTIONS	/auth/refresh	http://localhost:3000
2023-06-15	17:56:54	3d3baf83-0d45-4947-853f-e12f9e84a3fa	GET	/auth/refresh	http://localhost:3000
2023-06-15	17:56:56	7963677c-37c0-4c96-a3f4-a1b878b71e3e	GET	/auth/refresh	http://localhost:3000
2023-06-15	17:56:58	3c9a3d4a-de60-42eb-aecf-d911e8aa1773	GET	/auth/refresh	http://localhost:3000
2023-06-15	17:57:00	f013bbfa-bd60-4a19-ad8f-ac22d6987fc2	OPTIONS	/auth/refresh	http://localhost:3000
2023-06-15	17:57:00	93ee916e-8219-4db2-bee7-69b6121c1743	GET	/auth/refresh	http://localhost:3000
2023-06-15	17:57:01	1d9c677d-0b78-454a-a61f-d4c81af408f4	GET	/auth/refresh	http://localhost:3000
2023-06-15	17:57:02	82be5479-637d-409e-a45f-a3a832b4de5d	GET	/auth/refresh	http://localhost:3000
2023-06-15	17:57:05	02f77a0d-15da-4dda-98b2-18af8d32d4c5	OPTIONS	/auth/refresh	http://localhost:3000
2023-06-15	17:57:05	62131f40-92eb-4106-aab2-32203593c2b9	GET	/auth/refresh	http://localhost:3000
2023-06-15	17:57:06	d6fbf8d8-d447-4207-9a33-e25049d4aa4e	GET	/auth/refresh	http://localhost:3000
2023-06-15	17:57:08	9391c1b8-911a-43ba-a0be-6ede2233469a	GET	/auth/refresh	http://localhost:3000
2023-06-15	17:58:35	5ff694ec-e546-413d-8d14-0bf608f45544	OPTIONS	/auth/login	http://localhost:3000
2023-06-15	17:58:35	b6c853e3-fc37-4f04-91d2-f9252a3e776e	POST	/auth/login	http://localhost:3000
2023-06-15	17:58:40	47dae14b-78c1-4a57-a4d3-6236faeba98b	OPTIONS	/auth/refresh	http://localhost:3000
2023-06-15	17:58:40	3d7f78cc-b3d8-4ace-8554-7453e395fa82	GET	/auth/refresh	http://localhost:3000
2023-06-15	17:58:42	569b4b9a-b668-44ee-be85-d51211903f34	GET	/auth/refresh	http://localhost:3000
2023-06-15	17:58:43	827b6920-7b4e-48b6-8412-190588704562	GET	/auth/refresh	http://localhost:3000
2023-06-15	17:58:45	88457e34-4d2f-40ad-9af5-996a4a5a0a72	GET	/auth/refresh	http://localhost:3000
2023-06-15	17:59:02	41063e69-955d-4899-882e-755d8057bbbc	OPTIONS	/auth/refresh	http://localhost:3000
2023-06-15	17:59:02	b2ddafb5-d744-488f-938e-446a4e2f6eb4	GET	/auth/refresh	http://localhost:3000
2023-06-15	17:59:26	fb3fd3a9-0b53-43d3-93b8-27c441df9117	OPTIONS	/auth/login	http://localhost:3000
2023-06-15	17:59:26	8b675e58-272b-43ad-82b4-cf2d0c4374ec	POST	/auth/login	http://localhost:3000
2023-06-15	17:59:34	705b121e-b221-4fc0-a693-9a3372668ee5	OPTIONS	/auth/refresh	http://localhost:3000
2023-06-15	17:59:34	b95fa0df-a39d-4845-9290-b9230db0719c	GET	/auth/refresh	http://localhost:3000
2023-06-15	17:59:37	378ba3c4-620b-480d-9fad-ca29f0ad3950	GET	/auth/refresh	http://localhost:3000
2023-06-15	17:59:38	e7d9ecfe-0f17-4c82-8fc3-a2941735c45d	GET	/auth/refresh	http://localhost:3000
2023-06-15	17:59:40	9cb2f8ee-a0e4-42a2-923b-ed6c29861518	OPTIONS	/auth/refresh	http://localhost:3000
2023-06-15	17:59:40	2efc8d00-9077-487d-a9f3-790861598ec9	GET	/auth/refresh	http://localhost:3000
2023-06-15	17:59:42	119dd2e6-9bde-4826-b727-556a02c1d83c	GET	/auth/refresh	http://localhost:3000
2023-06-15	17:59:43	161ea1f7-ecdd-43ba-bdd7-2b4c60219776	GET	/auth/refresh	http://localhost:3000
2023-06-15	17:59:52	5876e98d-060f-447e-a0bb-daa3bb598d5f	OPTIONS	/auth/refresh	http://localhost:3000
2023-06-15	17:59:52	c339d1b7-1cd3-4603-b650-45eec0eac10e	GET	/auth/refresh	http://localhost:3000
2023-06-15	18:00:57	67c0675a-1597-4fd6-b7aa-dc5f95408f2d	OPTIONS	/auth/refresh	http://localhost:3000
2023-06-15	18:00:57	2b0b3c46-2e8e-44bb-afbf-5bb8a8b8a7ab	GET	/auth/refresh	http://localhost:3000
2023-06-15	18:01:00	51a35f67-ccec-47ed-aa84-c39acfd81e22	GET	/auth/refresh	http://localhost:3000
2023-06-15	18:01:07	d3ee7a62-0d22-4566-87da-b5e9d9ae5bc1	OPTIONS	/auth/refresh	http://localhost:3000
2023-06-15	18:01:07	742c9759-a10a-41e4-bc2c-22714668ab15	GET	/auth/refresh	http://localhost:3000
2023-06-15	18:01:11	8014031d-2f2a-40eb-8595-ddc119158172	OPTIONS	/auth/login	http://localhost:3000
2023-06-15	18:01:11	7f28cbb0-c51e-4e0c-9425-43a96650f171	POST	/auth/login	http://localhost:3000
2023-06-15	18:01:17	c18166a8-7e1e-4269-8ac0-090d9718a251	OPTIONS	/auth/refresh	http://localhost:3000
2023-06-15	18:01:17	f1213b29-3529-474e-a619-bff368071d81	GET	/auth/refresh	http://localhost:3000
2023-06-15	18:01:22	66226bef-02e9-43a9-bd45-ef48e8fc8124	GET	/auth/refresh	http://localhost:3000
2023-06-15	18:01:29	0704d6b4-4e0a-4a89-bf0c-16da4ad2f386	OPTIONS	/auth/refresh	http://localhost:3000
2023-06-15	18:01:29	6a4eec13-8f1e-4373-a597-2a2ea8c58687	GET	/auth/refresh	http://localhost:3000
2023-06-15	18:01:31	5576c20d-d05d-4185-b4f3-e2de17910c46	OPTIONS	/auth/login	http://localhost:3000
2023-06-15	18:01:31	478cb518-b321-47d1-a837-6f063837a07e	POST	/auth/login	http://localhost:3000
2023-06-15	18:01:36	8e5b8425-974b-45a8-aa6b-a0ef2adb732a	OPTIONS	/auth/refresh	http://localhost:3000
2023-06-15	18:01:36	47a231d0-b33f-417f-9067-e75e050f0136	GET	/auth/refresh	http://localhost:3000
2023-06-15	18:01:37	fa915dfc-1ec8-4d6d-85ee-b9a96aacf539	GET	/auth/refresh	http://localhost:3000
2023-06-15	18:01:38	dd9dec3c-66e2-4456-806b-e5a095690bf0	GET	/auth/refresh	http://localhost:3000
2023-06-15	18:01:39	a4cc557b-a796-4a66-8641-41d17a58ed8c	GET	/auth/refresh	http://localhost:3000
2023-06-15	18:01:41	59764837-c754-45b9-87c9-cf7e12e7bc95	GET	/auth/refresh	http://localhost:3000
2023-06-15	18:01:44	da0f57f4-7b12-4136-b500-7bd67755faeb	OPTIONS	/auth/refresh	http://localhost:3000
2023-06-15	18:01:44	58499bec-6bb9-4651-a744-ddcd69fc9215	GET	/auth/refresh	http://localhost:3000
2023-06-15	18:02:50	c63e8f0d-8055-4802-973b-9648eb2a77e7	OPTIONS	/auth/refresh	http://localhost:3000
2023-06-15	18:02:50	84c96272-629b-4b54-9c41-8901bf5dda7a	GET	/auth/refresh	http://localhost:3000
2023-06-15	18:03:03	6cb09591-a2f5-4c7e-8167-2ce311454d6a	OPTIONS	/auth/refresh	http://localhost:3000
2023-06-15	18:03:03	7d7d96ec-1fc0-47f0-819b-a9f46a6855a4	GET	/auth/refresh	http://localhost:3000
2023-06-15	18:03:04	ecfe78fd-09c3-486f-aa7b-2c6b1c80653b	GET	/auth/refresh	http://localhost:3000
2023-06-15	18:03:09	8e9038b1-bb38-46c4-8da1-a622b150fefd	OPTIONS	/auth/refresh	http://localhost:3000
2023-06-15	18:03:09	f3f7c270-5da8-4203-83da-f23bfe54648c	GET	/auth/refresh	http://localhost:3000
2023-06-15	18:03:12	912570cc-4631-43de-85ec-f9e5c452abea	GET	/auth/refresh	http://localhost:3000
2023-06-15	18:03:24	0f8dfa43-d38c-4315-834b-a0954455db3a	OPTIONS	/auth/refresh	http://localhost:3000
2023-06-15	18:03:24	7c7dfcd2-10ec-4e19-a458-02cb99c30e08	GET	/auth/refresh	http://localhost:3000
2023-06-15	18:03:26	4025722b-847c-4f7d-aec0-8162fdc8f001	GET	/auth/refresh	http://localhost:3000
2023-06-15	18:03:31	30e36387-662f-45e4-82c5-fa52e52dd7c0	OPTIONS	/auth/refresh	http://localhost:3000
2023-06-15	18:03:31	01312352-a6bc-4122-8917-5aa880859204	GET	/auth/refresh	http://localhost:3000
2023-06-15	18:03:37	6ef0eb3b-3b54-484c-aa79-45e2ea18ffef	OPTIONS	/auth/refresh	http://localhost:3000
2023-06-15	18:03:37	c19309ad-6538-42e4-93e9-3deb53056304	GET	/auth/refresh	http://localhost:3000
2023-06-15	18:03:47	6e52fe89-5336-4e31-bf75-52068d916695	OPTIONS	/auth/refresh	http://localhost:3000
2023-06-15	18:03:47	ab56edf6-9312-48c5-9e4b-c21e4335a01b	GET	/auth/refresh	http://localhost:3000
2023-06-15	18:03:48	dec42198-4654-4003-a64f-70461453c8bf	GET	/auth/refresh	http://localhost:3000
2023-06-15	18:04:16	aefb8abf-28b3-4f60-a3fa-2db35a3df4f9	OPTIONS	/auth/refresh	http://localhost:3000
2023-06-15	18:04:16	bf7d4c19-d31c-4420-a00a-d88a5d06576c	GET	/auth/refresh	http://localhost:3000
2023-06-15	18:04:18	7f141f30-615c-4e17-9acd-4a796eccb9bd	GET	/auth/refresh	http://localhost:3000
2023-06-15	18:04:22	aeaa77f0-47e6-4a97-af37-d2b0bf4dbc97	OPTIONS	/auth/refresh	http://localhost:3000
2023-06-15	18:04:22	87eb0014-ad2c-4ad3-a024-6310b5a17f2b	GET	/auth/refresh	http://localhost:3000
2023-06-15	18:04:24	cca41f37-ea34-4d50-972f-7715b344986d	GET	/auth/refresh	http://localhost:3000
2023-06-15	18:04:40	cbc33528-c583-4a95-96d3-f59ea8b567be	OPTIONS	/auth/refresh	http://localhost:3000
2023-06-15	18:04:40	6d1eb7da-a832-415f-9138-4df24047f6ea	GET	/auth/refresh	http://localhost:3000
2023-06-15	18:04:41	7666c095-31ea-4b93-9fbb-e055e9c2f0ab	GET	/auth/refresh	http://localhost:3000
2023-06-15	18:04:57	23270330-1911-48e1-8c13-48d6a18e37bf	OPTIONS	/auth/refresh	http://localhost:3000
2023-06-15	18:04:57	d9e2b88e-2acf-4ab7-bfca-6e4db1a58415	GET	/auth/refresh	http://localhost:3000
2023-06-15	18:05:05	54d557f1-d68e-4d7a-91cd-f3394a6f8ffc	OPTIONS	/auth/refresh	http://localhost:3000
2023-06-15	18:05:05	45ee785c-5e13-4ec9-a2cb-20f26f92a71b	GET	/auth/refresh	http://localhost:3000
2023-06-15	18:05:09	e77ff7da-9cd5-49e7-b160-3e6306edddb1	GET	/auth/refresh	http://localhost:3000
2023-06-15	18:05:12	b931ec65-c106-4af2-9c74-a896a416c5d9	OPTIONS	/auth/refresh	http://localhost:3000
2023-06-15	18:05:12	c292f574-c65c-4cd1-be45-bed8c1a74fde	GET	/auth/refresh	http://localhost:3000
2023-06-15	18:05:14	632aafba-2e0e-433f-9779-5950b0cab929	GET	/auth/refresh	http://localhost:3000
2023-06-15	18:05:39	357c3226-2c33-4001-ac27-383f7b78d234	OPTIONS	/auth/refresh	http://localhost:3000
2023-06-15	18:05:39	ce1280d5-5d65-4593-9792-345e81aa74cf	GET	/auth/refresh	http://localhost:3000
2023-06-15	18:05:45	4511fe4e-8faa-46b4-a1e8-ce7eaaaeea35	OPTIONS	/auth/refresh	http://localhost:3000
2023-06-15	18:05:45	7d9095fb-d363-4a28-b8b7-5f0abf768b84	GET	/auth/refresh	http://localhost:3000
2023-06-15	18:05:47	e90c871a-f0a8-455e-a69f-7c2e05a51d53	GET	/auth/refresh	http://localhost:3000
2023-06-15	18:05:57	7da361e9-423c-451b-a679-c910eb6c0696	OPTIONS	/auth/refresh	http://localhost:3000
2023-06-15	18:05:57	51f7a393-7d5c-4089-9f69-3ba2ef528655	GET	/auth/refresh	http://localhost:3000
2023-06-15	18:06:07	3b3e4a03-4711-4509-bed3-3b4f3c906ab5	OPTIONS	/auth/refresh	http://localhost:3000
2023-06-15	18:06:07	66450383-caec-4ec5-b7ba-dfb7602860ab	GET	/auth/refresh	http://localhost:3000
2023-06-15	18:06:08	207f815a-ad23-48ed-98c8-1a29acea2870	GET	/auth/refresh	http://localhost:3000
2023-06-15	18:06:09	34bcea3e-5baa-4b59-8067-ee09a1fa07cf	GET	/auth/refresh	http://localhost:3000
2023-06-15	18:06:13	b05d8629-3b2b-4d89-8a15-24ba2be12a65	OPTIONS	/auth/refresh	http://localhost:3000
2023-06-15	18:06:13	bae90c50-15cc-43df-93d3-53bc46dc600f	GET	/auth/refresh	http://localhost:3000
2023-06-15	18:06:29	e4a8154c-d835-4928-8152-4fec70d99fe9	OPTIONS	/auth/refresh	http://localhost:3000
2023-06-15	18:06:29	12c5d910-1479-4fc1-8329-487cd393a11e	GET	/auth/refresh	http://localhost:3000
2023-06-15	18:06:33	5b49fc47-499a-4f15-b6bd-8ce67746a4ee	GET	/auth/refresh	http://localhost:3000
2023-06-15	18:06:42	68744512-ec23-4075-a217-2e0cc7a012a4	OPTIONS	/auth/refresh	http://localhost:3000
2023-06-15	18:06:42	2dff01e7-c87c-42f7-9c48-9054b866b64c	GET	/auth/refresh	http://localhost:3000
2023-06-15	18:06:44	65ad93d7-e0d5-4516-8dfc-09e592c6510d	GET	/auth/refresh	http://localhost:3000
2023-06-15	18:06:54	189fd82c-285e-4613-a9d1-42f477b83963	OPTIONS	/auth/refresh	http://localhost:3000
2023-06-15	18:06:54	8a10b603-a202-49ce-9a86-da3ea695f54b	GET	/auth/refresh	http://localhost:3000
2023-06-15	18:07:11	8caaedd1-fc6a-4a7e-bc77-f382c33d0522	OPTIONS	/auth/refresh	http://localhost:3000
2023-06-15	18:07:11	f6fe368b-5296-48a1-98b6-3da8b95c263d	GET	/auth/refresh	http://localhost:3000
2023-06-15	18:07:13	76043c99-6f6e-45e8-964e-926ea49cefb9	GET	/auth/refresh	http://localhost:3000
2023-06-15	18:13:37	f636be28-368a-44b5-9157-36bc5da0ebcf	OPTIONS	/auth/refresh	http://localhost:3000
2023-06-15	18:13:37	959aaa31-a782-4b70-8f64-0a672fecd868	GET	/auth/refresh	http://localhost:3000
2023-06-15	18:14:21	16751ae8-06d9-4440-97e5-fc65c7b795c1	OPTIONS	/auth/refresh	http://localhost:3000
2023-06-15	18:14:21	635a8c0d-5392-428b-a52f-37f019203fa1	GET	/auth/refresh	http://localhost:3000
2023-06-15	18:23:30	f379d40d-b968-456b-909a-af3eefb1cf60	OPTIONS	/auth/refresh	http://localhost:3000
2023-06-15	18:23:30	e29153a4-318d-4b1e-b6e9-ad40b797e1cf	GET	/auth/refresh	http://localhost:3000
2023-06-15	18:23:36	b5076eb1-b9ee-4422-8d9c-98e416b19737	OPTIONS	/auth/login	http://localhost:3000
2023-06-15	18:23:36	bbb23346-9fbc-4350-9c41-077804ea7b84	POST	/auth/login	http://localhost:3000
2023-06-15	18:23:41	f7476412-dc8a-4388-a15a-6f36be7990d3	OPTIONS	/auth/refresh	http://localhost:3000
2023-06-15	18:23:41	267f7854-01f9-42dc-bd26-ac3a3d91d910	GET	/auth/refresh	http://localhost:3000
2023-06-15	18:23:44	49bd2153-fe4d-4e08-a84e-c3d3b45f5de3	GET	/auth/refresh	http://localhost:3000
2023-06-15	18:23:46	078aa16e-8178-425c-ae04-66df71c372b9	OPTIONS	/auth/refresh	http://localhost:3000
2023-06-15	18:23:46	fa772165-0efb-46b2-b6f8-a7b72353c430	GET	/auth/refresh	http://localhost:3000
2023-06-15	18:23:59	b25d017b-6927-4450-902d-1e6580c90714	OPTIONS	/auth/refresh	http://localhost:3000
2023-06-15	18:23:59	f807dd29-e9ec-40ec-b5ef-ac667e0d0000	GET	/auth/refresh	http://localhost:3000
2023-06-15	18:24:45	3691a36b-dc85-40c1-b1f9-96cd58b68357	OPTIONS	/auth/refresh	http://localhost:3000
2023-06-15	18:24:45	09a7a08b-3893-4f36-a520-1a3d353e5320	GET	/auth/refresh	http://localhost:3000
2023-06-15	18:24:49	36a43f47-438f-4056-adc0-598004be7ec1	OPTIONS	/auth/login	http://localhost:3000
2023-06-15	18:24:49	07a7b7e3-f91a-4886-a168-78a17c59d721	POST	/auth/login	http://localhost:3000
2023-06-15	18:25:17	4d2947f0-1ae7-4ffe-ac11-d55ead6330f2	OPTIONS	/auth/refresh	http://localhost:3000
2023-06-15	18:25:17	8d34a069-cca7-4bd1-ba15-fa663cb70bca	GET	/auth/refresh	http://localhost:3000
2023-06-15	18:25:20	fd944687-a04a-4ca4-847d-fc0fc17d5f63	GET	/auth/refresh	http://localhost:3000
2023-06-15	18:25:22	c1725761-1411-44a3-8445-a8d04f09a9bf	OPTIONS	/auth/login	http://localhost:3000
2023-06-15	18:25:22	75e9d5eb-4e0e-413f-a90d-ae1ec2244649	POST	/auth/login	http://localhost:3000
2023-06-15	18:25:25	c2c778a3-3fc7-4d12-9469-8383bf70126d	OPTIONS	/auth/refresh	http://localhost:3000
2023-06-15	18:25:25	a32b3c58-dbd6-430c-a816-54e7b4da5cd9	GET	/auth/refresh	http://localhost:3000
2023-06-15	18:25:26	f9c1630f-e786-423e-b3b3-1a1139e4a697	GET	/auth/refresh	http://localhost:3000
2023-06-15	18:25:27	728a5039-2b18-4b5b-b435-a32f93abe53e	GET	/auth/refresh	http://localhost:3000
2023-06-15	18:26:25	549538f2-3c30-45d7-b47a-d08bae06ef77	OPTIONS	/auth/refresh	http://localhost:3000
2023-06-15	18:26:25	bd33d88d-405c-4e08-b04a-e8fe03ee1b08	GET	/auth/refresh	http://localhost:3000
2023-06-15	18:26:51	6e0b1b97-91cf-475a-8a63-8cac7c3c70f3	OPTIONS	/auth/refresh	http://localhost:3000
2023-06-15	18:26:51	4398f3ed-fba6-414b-93d4-ed1d86165613	GET	/auth/refresh	http://localhost:3000
2023-06-15	18:26:55	95d7b508-5e13-4faf-80ef-a0ba39cd8280	OPTIONS	/auth/login	http://localhost:3000
2023-06-15	18:26:55	9ecb8519-1f01-4f07-a927-1772c4a288d8	POST	/auth/login	http://localhost:3000
2023-06-15	18:27:01	f87f2c45-a50c-42c7-89ef-d20e5e2916cb	OPTIONS	/auth/refresh	http://localhost:3000
2023-06-15	18:27:01	31b3f308-eb12-46a2-91b8-63ba3acdf7eb	GET	/auth/refresh	http://localhost:3000
2023-06-15	18:27:23	9f117941-9e6a-47c7-954f-2c1ecc5e2ba6	OPTIONS	/auth/refresh	http://localhost:3000
2023-06-15	18:27:23	a02c890b-508d-4b3f-9597-733093532bcc	GET	/auth/refresh	http://localhost:3000
2023-06-15	18:27:29	3ffe0965-4f6e-46ff-949d-fe75cda763f1	OPTIONS	/auth/login	http://localhost:3000
2023-06-15	18:27:29	12d9c121-1d99-454a-be99-e48436e90b7d	POST	/auth/login	http://localhost:3000
2023-06-15	18:27:40	37c60ad1-b7bb-4d2d-8f24-a7a1677fae72	OPTIONS	/auth/refresh	http://localhost:3000
2023-06-15	18:27:40	b30225ed-584a-4830-8ecb-36ebfe0f9cac	GET	/auth/refresh	http://localhost:3000
2023-06-15	18:27:44	182b8edd-5ad2-4ddf-a351-fa0744f8252a	OPTIONS	/auth/login	http://localhost:3000
2023-06-15	18:27:44	0a174d62-53ec-4068-a529-970ffe3052fe	POST	/auth/login	http://localhost:3000
2023-06-15	18:27:47	74b8c29b-d009-44d8-ac63-a314c70034e1	OPTIONS	/auth/refresh	http://localhost:3000
2023-06-15	18:27:47	75e8a0ab-c0a4-4f10-bd88-bfb0b65d0131	GET	/auth/refresh	http://localhost:3000
2023-06-15	18:28:09	d22f5998-a882-42f0-950e-57ae5eae4ca5	OPTIONS	/auth/login	http://localhost:3000
2023-06-15	18:28:09	4cc9807e-731b-4570-af6e-9c78bba442ab	POST	/auth/login	http://localhost:3000
2023-06-15	18:28:14	80e81c2a-3927-4df1-a280-8a12c2eb9dbb	OPTIONS	/auth/refresh	http://localhost:3000
2023-06-15	18:28:14	05a9aed4-d612-40a9-9e54-4bc811cff296	GET	/auth/refresh	http://localhost:3000
2023-06-15	18:29:20	55faa972-55b7-4f21-a71b-29a445aad20a	OPTIONS	/auth/refresh	http://localhost:3000
2023-06-15	18:29:20	bbae02f0-4bb3-4752-ab37-c77fdef7869f	GET	/auth/refresh	http://localhost:3000
2023-06-15	18:29:39	f7c13dbf-c2ee-4797-bb41-fe75adc373df	OPTIONS	/auth/login	http://localhost:3000
2023-06-15	18:29:39	8d4da888-1464-40a8-b982-c283f0fb420f	POST	/auth/login	http://localhost:3000
2023-06-15	18:29:43	6d65290c-1027-4b0a-83df-1824ff25e1e7	OPTIONS	/auth/refresh	http://localhost:3000
2023-06-15	18:29:43	487b3fe1-b4b1-448d-911c-34e65e46eac7	GET	/auth/refresh	http://localhost:3000
2023-06-15	18:30:30	c0f11573-398f-4ea7-9607-ca4e83c41f98	OPTIONS	/auth/refresh	http://localhost:3000
2023-06-15	18:30:30	6d6566ff-0cab-4d3b-a3d5-c7285f1cfc09	GET	/auth/refresh	http://localhost:3000
2023-06-15	18:30:46	d13bacb3-56a3-460c-b034-2c8ae4fc4b90	OPTIONS	/auth/login	http://localhost:3000
2023-06-15	18:30:46	64baf6e2-b336-4bf5-a434-37ffc0a08fde	POST	/auth/login	http://localhost:3000
2023-06-15	18:30:50	e45bdad8-c972-49d9-bb73-802a0727c4d2	OPTIONS	/auth/refresh	http://localhost:3000
2023-06-15	18:30:50	0787b348-eb3d-491b-8151-0f4b846bfde5	GET	/auth/refresh	http://localhost:3000
2023-06-15	18:31:40	e7e830e5-32ca-4d43-bb56-d81e9b2bea8a	OPTIONS	/auth/refresh	http://localhost:3000
2023-06-15	18:31:40	c0e12d1e-389f-484b-ba9d-22b7a36a5c56	GET	/auth/refresh	http://localhost:3000
2023-06-15	18:31:45	8b70c0db-d9cf-4f27-9d54-7e674557cc58	OPTIONS	/auth/login	http://localhost:3000
2023-06-15	18:31:45	ad88e56a-ab68-49aa-8233-f8c72f553f0c	POST	/auth/login	http://localhost:3000
2023-06-15	18:31:52	03901540-1241-4595-a276-c59dfe6b3a2d	OPTIONS	/auth/refresh	http://localhost:3000
2023-06-15	18:31:52	79522b0f-de58-40ab-a67b-6160b03da79d	GET	/auth/refresh	http://localhost:3000
2023-06-15	18:32:02	ae4c37b6-9106-40b3-8abf-2a47349584db	OPTIONS	/auth/refresh	http://localhost:3000
2023-06-15	18:32:02	640a291d-6c2f-4f63-902e-69602679284b	GET	/auth/refresh	http://localhost:3000
2023-06-15	18:32:05	b8322c98-2545-4122-b782-bd8174c85be4	OPTIONS	/auth/login	http://localhost:3000
2023-06-15	18:32:05	1ce5a1b3-468e-4963-9953-9aaa9de9cf37	POST	/auth/login	http://localhost:3000
2023-06-15	18:32:23	746d8ea4-402c-4eb7-b12d-899ae4186e13	OPTIONS	/auth/refresh	http://localhost:3000
2023-06-15	18:32:23	a21a944a-052d-49b4-b0db-a4beaa9f4b6e	GET	/auth/refresh	http://localhost:3000
2023-06-15	18:32:26	749dbc8a-b4e4-449c-8a93-f047009b758b	OPTIONS	/auth/login	http://localhost:3000
2023-06-15	18:32:26	d6a72a58-3525-4dc2-ad87-342563f5e8de	POST	/auth/login	http://localhost:3000
2023-06-15	18:32:29	2bc2eb00-337e-43fb-9902-e98ddc5ac3ac	OPTIONS	/auth/refresh	http://localhost:3000
2023-06-15	18:32:29	1d7ef5fb-14c1-4dd7-baec-734453544aae	GET	/auth/refresh	http://localhost:3000
2023-06-15	18:32:31	d65b01d5-2e3a-4c2a-99dd-538e4953333c	GET	/auth/refresh	http://localhost:3000
2023-06-15	18:32:33	72889179-1146-44a8-b0f0-a4dbed22d871	GET	/auth/refresh	http://localhost:3000
2023-06-15	18:33:36	10fa8bbd-b2dd-4e36-9adb-2e8060ea3fc8	OPTIONS	/auth/refresh	http://localhost:3000
2023-06-15	18:33:37	09e8e4b6-f31c-46a6-860c-a967c8a634ba	GET	/auth/refresh	http://localhost:3000
2023-06-15	18:33:43	bea057db-4397-40d4-9382-6f6b0e51be89	OPTIONS	/auth/refresh	http://localhost:3000
2023-06-15	18:33:43	e97f526a-3a1b-4481-8824-400e286448be	GET	/auth/refresh	http://localhost:3000
2023-06-15	18:33:46	da662110-877b-45a7-8c64-17e8aeaa4e96	OPTIONS	/auth/login	http://localhost:3000
2023-06-15	18:33:46	88cb694d-e8a5-4c9f-997c-f2104a86f17b	POST	/auth/login	http://localhost:3000
2023-06-15	18:33:49	ee1b929e-97e6-4e50-9c25-3cd6696e1b47	OPTIONS	/auth/refresh	http://localhost:3000
2023-06-15	18:33:49	9376f3dd-ac27-4fe0-8e93-986364bf3907	GET	/auth/refresh	http://localhost:3000
2023-06-15	18:33:53	392c2859-752a-4cb4-8509-31d27219f74e	GET	/auth/refresh	http://localhost:3000
2023-06-15	18:35:02	7d271a9d-ea0f-4d79-8749-743c47e15e99	OPTIONS	/auth/refresh	http://localhost:3000
2023-06-15	18:35:02	07af0dde-17ba-42dc-af92-b7c880278ff8	GET	/auth/refresh	http://localhost:3000
2023-06-15	18:35:04	558b0a71-0312-4142-b27a-a2e42cecbe8e	OPTIONS	/auth/login	http://localhost:3000
2023-06-15	18:35:04	5e32fed6-dbe6-4f90-845a-1b294ff014ca	POST	/auth/login	http://localhost:3000
2023-06-15	18:35:11	51d6cbe8-0951-49bc-8878-b1460ee3de22	OPTIONS	/auth/refresh	http://localhost:3000
2023-06-15	18:35:11	e5a75d74-9326-497d-87b8-9fbf11d8a886	GET	/auth/refresh	http://localhost:3000
2023-06-15	18:37:17	3bb0acd5-d7ff-45f9-88fa-d904b6ad657d	OPTIONS	/auth/refresh	http://localhost:3000
2023-06-15	18:37:17	3fe30f4f-02d6-469b-9e23-87333cccb95c	GET	/auth/refresh	http://localhost:3000
2023-06-15	18:37:20	f5258cd9-0293-4f35-8538-827bd6a54501	OPTIONS	/auth/login	http://localhost:3000
2023-06-15	18:37:20	38f04bc9-b0c7-4196-b74e-fd51c62a66a7	POST	/auth/login	http://localhost:3000
2023-06-15	18:37:23	9332c4c0-8751-478c-a003-33aefb1e5093	OPTIONS	/auth/refresh	http://localhost:3000
2023-06-15	18:37:23	d7143172-f864-45bb-9c2c-76daafc534b1	GET	/auth/refresh	http://localhost:3000
2023-06-15	18:37:50	7869baad-1e9e-479c-b674-70159c498e38	OPTIONS	/auth/refresh	http://localhost:3000
2023-06-15	18:37:50	b936b738-26c9-4ed9-a374-4bdbb0a7d2b8	GET	/auth/refresh	http://localhost:3000
2023-06-15	18:37:50	67564443-f13f-4a9b-80eb-c8f1f3457f98	OPTIONS	/auth/login	http://localhost:3000
2023-06-15	18:37:50	a9e92697-e1a0-4c80-b352-2a1dc069fb43	POST	/auth/login	http://localhost:3000
2023-06-15	18:37:51	2be14c76-7fe8-4fe8-837c-eb9f5b7fabf7	GET	/auth/refresh	http://localhost:3000
2023-06-15	18:37:58	64507608-b8c4-4e44-be03-8c1ddaa5ece6	OPTIONS	/auth/refresh	http://localhost:3000
2023-06-15	18:37:58	d56380c2-11ea-42fb-9444-4524ed08ba2b	GET	/auth/refresh	http://localhost:3000
2023-06-15	18:38:06	1ca25be8-ed17-4640-9142-e24f3201cf81	OPTIONS	/auth/refresh	http://localhost:3000
2023-06-15	18:38:06	6ae2a238-96d0-4d3d-a0b5-7661370708df	GET	/auth/refresh	http://localhost:3000
2023-06-15	18:38:09	3da00d16-a697-43d0-a491-16b01e67b9df	OPTIONS	/auth/login	http://localhost:3000
2023-06-15	18:38:09	62f32c88-de0d-49a5-99c7-8cc3ae757064	POST	/auth/login	http://localhost:3000
2023-06-15	18:38:11	175cbe06-3ae4-4f84-bb52-d3708816f700	OPTIONS	/auth/refresh	http://localhost:3000
2023-06-15	18:38:11	59d98f85-8023-4666-bf38-34646d190883	GET	/auth/refresh	http://localhost:3000
2023-06-15	18:38:12	5c7cfbf1-79d0-4eab-8650-1be10817fc7e	GET	/auth/refresh	http://localhost:3000
2023-06-15	18:38:14	347e83be-18dc-4e28-a557-cb631b6d7f30	GET	/auth/refresh	http://localhost:3000
2023-06-15	18:38:15	083969c6-d116-45ff-a4aa-2c551e0cd9f0	GET	/auth/refresh	http://localhost:3000
2023-06-15	18:38:16	99b20a6a-339e-4a95-afb0-26ca9f2658c8	OPTIONS	/auth/refresh	http://localhost:3000
2023-06-15	18:38:16	04944a69-8270-4caf-a16c-354a546697db	GET	/auth/refresh	http://localhost:3000
2023-06-15	18:38:17	6711dad0-6824-40a4-b22b-d23a90431a0d	GET	/auth/refresh	http://localhost:3000
2023-06-15	18:38:18	f199cfba-7bda-46c5-bf08-74b6faac80b7	GET	/auth/refresh	http://localhost:3000
2023-06-15	18:38:19	f06085b4-52ba-45d7-9e01-0ed0121ab2b0	GET	/auth/refresh	http://localhost:3000
2023-06-15	18:38:45	f56dc4cd-735e-471f-bb71-bac7840725e9	OPTIONS	/auth/refresh	http://localhost:3000
2023-06-15	18:38:45	dc2bb634-f7c8-4f46-b9ed-4e17ff5d813b	GET	/auth/refresh	http://localhost:3000
2023-06-15	18:38:48	9757d4bf-a1e6-4c4f-ad82-22509535de36	OPTIONS	/auth/login	http://localhost:3000
2023-06-15	18:38:48	1e64004b-7f42-4add-b965-67f42875319d	POST	/auth/login	http://localhost:3000
2023-06-15	18:38:50	d9551415-fb70-4e5d-8006-5162be9aaaf3	GET	/auth/refresh	http://localhost:3000
2023-06-15	18:38:52	9d812919-9a6e-4ebf-b5f2-0423123f49c9	OPTIONS	/auth/refresh	http://localhost:3000
2023-06-15	18:38:52	8208d870-a5ad-477e-946b-2ba9b16272f8	GET	/auth/refresh	http://localhost:3000
2023-06-15	18:38:54	97097a7b-d185-4001-9e5c-cdd1aa784b33	GET	/auth/refresh	http://localhost:3000
2023-06-15	18:38:56	9fd4c451-7803-4c22-84c7-1fac337ed2a1	GET	/auth/refresh	http://localhost:3000
2023-06-15	18:38:58	0aead122-93a3-4017-b663-e62383448b6c	OPTIONS	/auth/refresh	http://localhost:3000
2023-06-15	18:38:58	b94ec70c-2c5e-437e-94f8-cd71aa563004	GET	/auth/refresh	http://localhost:3000
2023-06-15	18:39:00	b9e03b54-c574-4fda-b1fa-32abede15b25	GET	/auth/refresh	http://localhost:3000
2023-06-15	18:39:14	a48eff2a-030a-46a9-ab69-27edca0df779	OPTIONS	/auth/login	http://localhost:3000
2023-06-15	18:39:14	9372fa77-e1c6-4890-a73d-a8444309c474	POST	/auth/login	http://localhost:3000
2023-06-15	18:39:36	8f3bdb7a-803e-4f77-8ff3-7a1d9f6c6178	OPTIONS	/auth/refresh	http://localhost:3000
2023-06-15	18:39:36	1959a936-fad7-471b-a19f-cb5610f543dc	GET	/auth/refresh	http://localhost:3000
2023-06-15	18:39:46	3545dc07-1e91-4a92-b9d1-94abe9906367	OPTIONS	/auth/login	http://localhost:3000
2023-06-15	18:39:46	837f03c9-6ed1-493e-b9f4-91f5aa3d3c7d	POST	/auth/login	http://localhost:3000
2023-06-15	18:39:49	3fa53ac3-4fdd-49bf-aa48-a3d95358bc52	OPTIONS	/auth/refresh	http://localhost:3000
2023-06-15	18:39:49	a441ac5f-9635-4d76-a974-120996de18ea	GET	/auth/refresh	http://localhost:3000
2023-06-15	18:39:50	524b6b9a-adcd-41e4-861c-b4c70a7133a6	GET	/auth/refresh	http://localhost:3000
2023-06-15	18:39:50	d1e93fa0-46db-494e-8168-8740b3892a19	GET	/auth/refresh	http://localhost:3000
2023-06-15	18:39:50	a0e5449a-da0d-44c3-8d47-d9be41954ce1	GET	/auth/refresh	http://localhost:3000
2023-06-15	18:39:50	20f2145b-2e5f-4972-b33e-59364bbc9691	GET	/auth/refresh	http://localhost:3000
2023-06-15	18:39:51	66d99eb8-14b7-41fc-a73d-5d2714016156	GET	/auth/refresh	http://localhost:3000
2023-06-15	18:39:51	b8d47e00-7bdd-4cca-8a1f-4a99e9a6862e	GET	/auth/refresh	http://localhost:3000
2023-06-15	18:39:51	5335c8c6-f07a-4128-9787-e7b6b90734b3	GET	/auth/refresh	http://localhost:3000
2023-06-15	18:39:51	40ee4663-630a-4073-b41e-9e9490f87213	GET	/auth/refresh	http://localhost:3000
2023-06-15	18:39:51	dd87c147-ec37-43db-90e7-f69ca9b3d832	GET	/auth/refresh	http://localhost:3000
2023-06-15	18:39:52	7c69864d-9994-40e8-b195-ac291a2a2ebd	GET	/auth/refresh	http://localhost:3000
2023-06-15	18:39:52	2ef951a0-2796-4ecb-b40c-48b1e5c1c031	GET	/auth/refresh	http://localhost:3000
2023-06-15	18:39:52	d1fb5a10-d81d-4838-a4ba-abb238650df4	GET	/auth/refresh	http://localhost:3000
2023-06-15	18:39:53	cdc240e3-b8d7-49af-917f-39cd6a54b4fc	GET	/auth/refresh	http://localhost:3000
2023-06-15	18:39:53	c661f84b-ccda-4004-b43a-fc22ef4abc96	GET	/auth/refresh	http://localhost:3000
2023-06-15	18:39:54	f2010c81-caaf-434d-af6b-4bcc46b95eef	GET	/auth/refresh	http://localhost:3000
2023-06-15	18:39:56	3beab571-f51b-4050-ab7e-6d110c6a0520	OPTIONS	/auth/refresh	http://localhost:3000
2023-06-15	18:39:56	808189a3-778e-414b-adad-98e037e9f1a5	GET	/auth/refresh	http://localhost:3000
2023-06-15	18:39:56	9fef8fc5-691f-4257-9eeb-439ae3dbe6f6	GET	/auth/refresh	http://localhost:3000
2023-06-15	18:39:56	c7cdd2f8-58c7-4a28-9f4c-c521ba84c596	GET	/auth/refresh	http://localhost:3000
2023-06-15	18:39:56	6ccc1df5-0711-4b3d-aa30-bc8cc8b744cf	GET	/auth/refresh	http://localhost:3000
2023-06-15	18:41:30	39b2f474-2a36-4656-81d6-9140024c6526	OPTIONS	/auth/refresh	http://localhost:3000
2023-06-15	18:41:30	1d0176a4-0f02-45b4-8689-7958b1c7c06f	GET	/auth/refresh	http://localhost:3000
2023-06-15	18:41:56	e8bfb982-cda6-4aff-9212-14c17fd3c05b	OPTIONS	/auth/login	http://localhost:3000
2023-06-15	18:41:56	66a654f5-c46d-48ef-98d8-f9a2d77b8b0c	POST	/auth/login	http://localhost:3000
2023-06-15	18:42:01	16aea7b9-3675-439f-87bb-207ba7a76c50	OPTIONS	/auth/refresh	http://localhost:3000
2023-06-15	18:42:01	9c4426cf-94ed-4337-8f59-c37b4255922f	GET	/auth/refresh	http://localhost:3000
2023-06-15	18:42:36	8cbc325d-b1ec-4bc9-b2a8-b6e6e3892024	OPTIONS	/auth/refresh	http://localhost:3000
2023-06-15	18:42:36	4d430acc-143c-4b6c-a778-b6afd1b7bf3d	GET	/auth/refresh	http://localhost:3000
2023-06-15	18:44:01	c05a3f1a-099a-4551-be27-16548dd7ca28	OPTIONS	/auth/refresh	http://localhost:3000
2023-06-15	18:44:01	9dcbf647-9b54-41ae-ade4-79ae9334fd93	GET	/auth/refresh	http://localhost:3000
2023-06-15	18:44:05	d59c2c3d-4d1e-46e3-95d5-e1e0ccdc3939	OPTIONS	/auth/login	http://localhost:3000
2023-06-15	18:44:05	24359cf4-51be-4aa2-b551-6655c846f8c0	POST	/auth/login	http://localhost:3000
2023-06-15	18:44:09	3bc4bfa1-9ad7-4672-bf6f-f67f22f087f1	OPTIONS	/auth/refresh	http://localhost:3000
2023-06-15	18:44:09	ff904ae8-ef32-4f59-a0ba-5dfd6a233420	GET	/auth/refresh	http://localhost:3000
2023-06-15	18:44:39	38e85b5c-972f-4e1e-9817-e50dc1070db2	OPTIONS	/auth/refresh	http://localhost:3000
2023-06-15	18:44:39	07a6834d-9798-4bd9-83d2-ac4184c15ec6	GET	/auth/refresh	http://localhost:3000
2023-06-15	18:44:56	453fa579-93c9-49c3-a3b4-508611e5fc11	OPTIONS	/auth/login	http://localhost:3000
2023-06-15	18:44:56	a17b5915-849c-4416-8a55-44455787d434	POST	/auth/login	http://localhost:3000
2023-06-15	18:45:54	accd1aa9-c0c1-42ae-8c1b-7ca714c714b7	OPTIONS	/auth/refresh	http://localhost:3000
2023-06-15	18:45:54	c7c7c520-c42e-45e8-9003-c24c0947bea7	GET	/auth/refresh	http://localhost:3000
2023-06-15	22:16:41	25e48fef-d5c6-44c0-ac27-7ff153dc6481	OPTIONS	/auth/refresh	http://localhost:3000
2023-06-15	22:16:41	3ee1fb03-4d89-4f70-8f96-ef48099f09da	GET	/auth/refresh	http://localhost:3000
2023-06-15	22:16:44	7c9e410b-2550-4872-923e-2111e66fbc96	GET	/auth/refresh	http://localhost:3000
2023-06-15	22:17:02	6e21bf92-9f65-4e8a-8b14-e2cb70a3df51	OPTIONS	/auth/login	http://localhost:3000
2023-06-15	22:17:02	4d2d2a88-5d5c-4170-a78a-f48695329164	POST	/auth/login	http://localhost:3000
2023-06-15	22:17:05	5196f01f-2844-42b4-8527-c0c306fea7c3	OPTIONS	/auth/refresh	http://localhost:3000
2023-06-15	22:17:05	13576402-32ba-40c6-af4e-302825d94b2f	GET	/auth/refresh	http://localhost:3000
2023-06-15	22:17:06	3ddd6c45-63a9-4741-91d9-db76cadaf038	GET	/auth/refresh	http://localhost:3000
2023-06-15	22:17:07	647246e7-9445-4932-b5fb-538ce697f396	OPTIONS	/auth/logout	http://localhost:3000
2023-06-15	22:17:07	edfc0a47-8d90-4a27-acfb-82a25d57104e	POST	/auth/logout	http://localhost:3000
2023-06-15	22:17:44	c7209229-c1b9-4299-adf9-cf092ebfc043	OPTIONS	/auth/login	http://localhost:3000
2023-06-15	22:17:44	e2c9042e-ea46-43b0-af14-b5cb81fb76e1	POST	/auth/login	http://localhost:3000
2023-06-15	22:17:47	2d655a07-03d8-40de-b479-9506bd8795b8	OPTIONS	/auth/refresh	http://localhost:3000
2023-06-15	22:17:47	5c442e18-4399-461a-9468-0e6007ec6495	GET	/auth/refresh	http://localhost:3000
2023-06-15	22:17:49	58d11644-6021-4174-9f26-b46d03e4587f	GET	/auth/refresh	http://localhost:3000
2023-06-15	22:17:50	ab19e1c2-032c-4420-8d92-699dfb83a6db	GET	/auth/refresh	http://localhost:3000
2023-06-15	22:17:52	ffd4931f-2f4f-43bf-a624-9425391dab00	OPTIONS	/auth/refresh	http://localhost:3000
2023-06-15	22:17:52	24402ce8-10b9-406d-ace8-5baeff36fbf6	GET	/auth/refresh	http://localhost:3000
2023-06-15	22:17:58	8f943277-f15d-4ef2-9db3-55ac8a5f5a8b	OPTIONS	/auth/refresh	http://localhost:3000
2023-06-15	22:17:58	c585b63e-6d0e-4593-a245-44780eda5b4c	GET	/auth/refresh	http://localhost:3000
2023-06-15	22:18:19	ba01dcba-4db5-47a9-a38f-5c02ea215142	OPTIONS	/auth/refresh	http://localhost:3000
2023-06-15	22:18:19	7a979841-19b1-4b90-bbeb-9e27fe5a7468	GET	/auth/refresh	http://localhost:3000
2023-06-15	22:18:30	0888c1e3-fa02-49a9-b673-f6010e160d1c	OPTIONS	/auth/logout	http://localhost:3000
2023-06-15	22:18:30	4ed871c4-6f1b-4f70-8d8d-c2bb41fce236	POST	/auth/logout	http://localhost:3000
2023-06-15	22:19:03	ad781a09-4dbc-4ccd-be17-14c3789b355a	OPTIONS	/auth/refresh	http://localhost:3000
2023-06-15	22:19:03	907bc528-4d09-4588-a7c2-4f1f7bff2a7a	GET	/auth/refresh	http://localhost:3000
2023-06-15	22:19:26	4566cc59-e451-4cee-9916-ec51689dab08	OPTIONS	/auth/refresh	http://localhost:3000
2023-06-15	22:19:26	ab7c8d3f-7944-46e0-9970-1bfeb67e584b	GET	/auth/refresh	http://localhost:3000
2023-06-15	22:19:32	b513b696-5c0a-4c3d-8346-f544f92b6da0	OPTIONS	/auth/logout	http://localhost:3000
2023-06-15	22:19:32	6aa6f625-4213-447d-8d4a-f1de7797808d	POST	/auth/logout	http://localhost:3000
2023-06-15	22:19:53	8119bf61-f7e6-4c24-a888-f4e49093c8a6	OPTIONS	/auth/refresh	http://localhost:3000
2023-06-15	22:19:53	3219e85f-2519-448b-bf7f-8bbab1f6577a	GET	/auth/refresh	http://localhost:3000
2023-06-15	22:19:59	f4f31cae-4071-444a-bdac-d3de69f97380	OPTIONS	/auth/refresh	http://localhost:3000
2023-06-15	22:19:59	50916c7d-c18f-476c-81fe-c399aa822c7c	GET	/auth/refresh	http://localhost:3000
2023-06-15	22:20:01	91e1eb36-4e04-4ec5-ac1e-38e194f48a66	OPTIONS	/auth/logout	http://localhost:3000
2023-06-15	22:20:01	28e93d0c-131f-4f2a-b74a-f9ad3f209886	POST	/auth/logout	http://localhost:3000
2023-06-15	22:20:08	157d5421-754d-4bae-8e7c-98260c309eda	OPTIONS	/auth/refresh	http://localhost:3000
2023-06-15	22:20:08	90f37ddd-768a-4549-ad07-73189480233d	GET	/auth/refresh	http://localhost:3000
2023-06-15	22:20:09	29429a0e-f144-41e4-b5f2-a52e14a2eb9f	OPTIONS	/auth/logout	http://localhost:3000
2023-06-15	22:20:09	b239b46b-f30a-4642-b765-819bd4e7f4af	POST	/auth/logout	http://localhost:3000
2023-06-15	22:20:39	932149d4-b5f4-4357-b8b4-4a3bfbece35b	OPTIONS	/auth/refresh	http://localhost:3000
2023-06-15	22:20:39	699bcc9e-c7b1-4037-a5e8-e0c4d49c9b58	GET	/auth/refresh	http://localhost:3000
2023-06-15	22:20:43	3537b3ef-3970-4ed0-9702-ed83075e3dbd	GET	/auth/refresh	http://localhost:3000
2023-06-15	22:20:44	b73d570b-5a5d-43d5-b241-5536f3798ae8	OPTIONS	/auth/logout	http://localhost:3000
2023-06-15	22:20:44	7819fcba-f00e-4f69-b3c1-b89950e8e7d3	POST	/auth/logout	http://localhost:3000
2023-06-15	22:20:47	c18616f1-707f-4faf-b464-3544b602de49	OPTIONS	/auth/refresh	http://localhost:3000
2023-06-15	22:20:47	10f592b2-b1dd-46bc-b8c2-b35c868d4443	GET	/auth/refresh	http://localhost:3000
2023-06-15	22:22:04	7c8dee19-c3f7-4568-8781-df915e9f6b45	OPTIONS	/auth/refresh	http://localhost:3000
2023-06-15	22:22:04	95b39906-b86d-4dd2-acd4-582f5e23d080	GET	/auth/refresh	http://localhost:3000
2023-06-15	22:22:06	32c37e3f-4fa9-4886-8a83-5d6ba1e6ab1d	OPTIONS	/auth/logout	http://localhost:3000
2023-06-15	22:22:06	41ef1412-28c1-40dd-8080-f696cfd805d7	POST	/auth/logout	http://localhost:3000
2023-06-15	22:22:08	72a4e847-2a9c-4a10-a0ad-1474a2d8d81c	GET	/auth/refresh	http://localhost:3000
2023-06-15	22:22:09	2dad227a-4630-4ca0-8669-2be5c4ccabe8	OPTIONS	/auth/refresh	http://localhost:3000
2023-06-15	22:22:10	c6c207a6-5459-4358-9d2e-b8b442801276	GET	/auth/refresh	http://localhost:3000
2023-06-15	22:22:14	2cb1073a-75d8-4051-ac18-78ab10cd99e1	GET	/auth/refresh	http://localhost:3000
2023-06-15	22:22:18	4806cfd3-b5fd-426d-b5d8-288b971424da	OPTIONS	/auth/login	http://localhost:3000
2023-06-15	22:22:18	9d12ba28-1330-4213-9f4a-08d940465d8d	POST	/auth/login	http://localhost:3000
2023-06-15	22:22:25	bbeed13b-af2f-4509-ba80-0170412810e4	OPTIONS	/auth/logout	http://localhost:3000
2023-06-15	22:22:25	47f6bbb4-59b0-42c1-9f32-02846dd0d703	POST	/auth/logout	http://localhost:3000
2023-06-15	22:22:56	e97942df-9aab-4490-9f0f-8c4acc3a1ddf	OPTIONS	/auth/refresh	http://localhost:3000
2023-06-15	22:22:56	ec45a0e2-339d-4408-84fa-3d3908994822	GET	/auth/refresh	http://localhost:3000
2023-06-15	22:23:01	6d3884a2-0ccb-4f5d-a79f-7c310f51e0e7	GET	/auth/refresh	http://localhost:3000
2023-06-15	22:23:03	7f7b963b-ce75-4adc-ac8d-739b51d77817	OPTIONS	/auth/login	http://localhost:3000
2023-06-15	22:23:03	f8d5ad04-70d6-4ece-8e31-7ca8d71d03c8	POST	/auth/login	http://localhost:3000
2023-06-15	22:23:06	1c5419bf-34e6-4e3c-a29f-f4e255bf3fa1	OPTIONS	/auth/logout	http://localhost:3000
2023-06-15	22:23:06	37538e43-712c-406c-8df2-29e48dcb5217	POST	/auth/logout	http://localhost:3000
2023-06-15	22:23:14	ed02af6c-81fd-44f7-864f-b551564bcd02	OPTIONS	/auth/refresh	http://localhost:3000
2023-06-15	22:23:14	22c8d18c-8a90-4f42-a271-bb0dc80c13bf	GET	/auth/refresh	http://localhost:3000
2023-06-15	22:23:18	1aebcdab-adc6-4594-a29c-a76985f52204	OPTIONS	/auth/login	http://localhost:3000
2023-06-15	22:23:18	a973ca48-b732-414a-af3a-be171ba2c435	POST	/auth/login	http://localhost:3000
2023-06-15	22:23:21	e403f7b4-5b04-46cd-9cfa-12603bd4c589	OPTIONS	/auth/logout	http://localhost:3000
2023-06-15	22:23:21	f378a526-a64f-4c11-bdfb-64d029f84fb3	POST	/auth/logout	http://localhost:3000
2023-06-15	22:24:16	d698c9d4-3527-4fba-8526-d31192e021cb	OPTIONS	/auth/refresh	http://localhost:3000
2023-06-15	22:24:16	2eec8780-3da6-4297-99de-ba181b8053a2	GET	/auth/refresh	http://localhost:3000
2023-06-15	22:24:17	fb320eb6-0682-4468-8a8d-40892c1d66a0	OPTIONS	/auth/login	http://localhost:3000
2023-06-15	22:24:17	3273c80c-a84d-46ab-b620-f1bb8a8bd4e9	POST	/auth/login	http://localhost:3000
2023-06-15	22:24:20	8a4e4e84-1097-4082-a06f-f4d41dabb7a0	OPTIONS	/auth/logout	http://localhost:3000
2023-06-15	22:24:20	a3252e46-c723-4228-b766-af0b8479ad55	POST	/auth/logout	http://localhost:3000
2023-06-15	22:24:56	62f652b2-66d1-4e7d-90d0-6fae5ac7370a	OPTIONS	/auth/refresh	http://localhost:3000
2023-06-15	22:24:56	9e081f3d-a610-4d30-9cce-667045ebe2ef	GET	/auth/refresh	http://localhost:3000
2023-06-15	22:25:54	f827eae6-ab63-4f1d-883e-29dbc1baef36	OPTIONS	/auth/login	http://localhost:3000
2023-06-15	22:25:54	7f54f5f8-7e64-4b4f-914e-fe07990a1dcc	POST	/auth/login	http://localhost:3000
2023-06-15	22:25:59	6eddd33b-5928-4b7d-80e1-182d7c0bae65	OPTIONS	/auth/logout	http://localhost:3000
2023-06-15	22:25:59	2a7d6f0f-8b00-45a7-8d4f-82f89af13ba4	POST	/auth/logout	http://localhost:3000
